<?xml version="1.0" encoding="UTF-8" ?>
<testsuite tests="9" failures="0" name="cucumberTest.TestRunner" time="0.09" errors="0" skipped="0">
  <properties>
    <property name="java.runtime.name" value="Java(TM) SE Runtime Environment"/>
    <property name="sun.boot.library.path" value="C:\Program Files\Java\jre1.8.0_191\bin"/>
    <property name="java.vm.version" value="25.191-b12"/>
    <property name="java.vm.vendor" value="Oracle Corporation"/>
    <property name="maven.multiModuleProjectDirectory" value="D:\MavenWorkspace\Selenium_Cucumber_Maven"/>
    <property name="java.vendor.url" value="http://java.oracle.com/"/>
    <property name="path.separator" value=";"/>
    <property name="guice.disable.misplaced.annotation.check" value="true"/>
    <property name="java.vm.name" value="Java HotSpot(TM) 64-Bit Server VM"/>
    <property name="file.encoding.pkg" value="sun.io"/>
    <property name="user.script" value=""/>
    <property name="user.country" value="IN"/>
    <property name="sun.java.launcher" value="SUN_STANDARD"/>
    <property name="sun.os.patch.level" value="Service Pack 1"/>
    <property name="java.vm.specification.name" value="Java Virtual Machine Specification"/>
    <property name="user.dir" value="D:\MavenWorkspace\Selenium_Cucumber_Maven"/>
    <property name="java.runtime.version" value="1.8.0_191-b12"/>
    <property name="java.awt.graphicsenv" value="sun.awt.Win32GraphicsEnvironment"/>
    <property name="java.endorsed.dirs" value="C:\Program Files\Java\jre1.8.0_191\lib\endorsed"/>
    <property name="os.arch" value="amd64"/>
    <property name="java.io.tmpdir" value="C:\Users\SAILAK~1\AppData\Local\Temp\"/>
    <property name="line.separator" value="
"/>
    <property name="java.vm.specification.vendor" value="Oracle Corporation"/>
    <property name="user.variant" value=""/>
    <property name="os.name" value="Windows 7"/>
    <property name="classworlds.conf" value="C:\apache-maven-3.6.0\bin\..\bin\m2.conf"/>
    <property name="sun.jnu.encoding" value="Cp1252"/>
    <property name="java.library.path" value="C:\Program Files (x86)\Common Files\Oracle\Java\javapath;C:\Windows\Sun\Java\bin;C:\Windows\system32;C:\Windows;C:\Program Files (x86)\Common Files\Oracle\Java\javapath;C:\ProgramData\Oracle\Java\javapath;C:\Program Files (x86)\Intel\iCLS Client\;C:\Program Files\Intel\iCLS Client\;C:\Windows\system32;C:\Windows;C:\Windows\System32\Wbem;C:\Windows\System32\WindowsPowerShell\v1.0\;C:\Program Files\Intel\Intel(R) Management Engine Components\DAL;C:\Program Files\Intel\Intel(R) Management Engine Components\IPT;C:\Program Files (x86)\Intel\Intel(R) Management Engine Components\DAL;C:\Program Files (x86)\Intel\Intel(R) Management Engine Components\IPT;%QUARTUS_ROOTDIR%\bin;C:\TC\BIN;c:\bcc\bin;C:\Python27;C:\Program Files (x86)\SublimeText3;C:\sai;C:\Program Files (x86)\Java\jdk1.7.0_17\bin;C:\Program Files (x86)\Java\jdk1.7.0_17\lib;C:\Program Files\nodejs\;C:\Program Files\Git\cmd;C:\Users\sailakshmi\AppData\Local\Android\Sdk\tools;C:\Users\sailakshmi\AppData\Local\Android\Sdk\tools\bin;C:\Users\sailakshmi\AppData\Local\Android\Sdk\platform-tools;C:\Python27;C:\Program Files (x86)\Java\jdk1.7.0_17\bin;C:\Program Files (x86)\Java\jdk1.7.0_17\lib;C:\Program Files (x86)\PuTTY;C:\instantclient_12_1;C:\Users\sailakshmi\AppData\Roaming\npm;C:\Program Files (x86)\Microsoft VS Code\bin;C:\apache-maven-3.6.0\bin;C:\Program Files\Java\jdk1.8.0_191\bin;."/>
    <property name="maven.conf" value="C:\apache-maven-3.6.0\bin\../conf"/>
    <property name="java.specification.name" value="Java Platform API Specification"/>
    <property name="java.class.version" value="52.0"/>
    <property name="sun.management.compiler" value="HotSpot 64-Bit Tiered Compilers"/>
    <property name="os.version" value="6.1"/>
    <property name="library.jansi.path" value="C:\apache-maven-3.6.0\bin\..\lib\jansi-native"/>
    <property name="user.home" value="C:\Users\sailakshmi"/>
    <property name="user.timezone" value="Asia/Calcutta"/>
    <property name="java.awt.printerjob" value="sun.awt.windows.WPrinterJob"/>
    <property name="java.specification.version" value="1.8"/>
    <property name="file.encoding" value="Cp1252"/>
    <property name="user.name" value="sailakshmi"/>
    <property name="java.class.path" value="C:\apache-maven-3.6.0\bin\..\boot\plexus-classworlds-2.5.2.jar"/>
    <property name="java.vm.specification.version" value="1.8"/>
    <property name="sun.arch.data.model" value="64"/>
    <property name="java.home" value="C:\Program Files\Java\jre1.8.0_191"/>
    <property name="sun.java.command" value="org.codehaus.plexus.classworlds.launcher.Launcher test"/>
    <property name="java.specification.vendor" value="Oracle Corporation"/>
    <property name="user.language" value="en"/>
    <property name="awt.toolkit" value="sun.awt.windows.WToolkit"/>
    <property name="java.vm.info" value="mixed mode"/>
    <property name="java.version" value="1.8.0_191"/>
    <property name="java.ext.dirs" value="C:\Program Files\Java\jre1.8.0_191\lib\ext;C:\Windows\Sun\Java\lib\ext"/>
    <property name="sun.boot.class.path" value="C:\Program Files\Java\jre1.8.0_191\lib\resources.jar;C:\Program Files\Java\jre1.8.0_191\lib\rt.jar;C:\Program Files\Java\jre1.8.0_191\lib\sunrsasign.jar;C:\Program Files\Java\jre1.8.0_191\lib\jsse.jar;C:\Program Files\Java\jre1.8.0_191\lib\jce.jar;C:\Program Files\Java\jre1.8.0_191\lib\charsets.jar;C:\Program Files\Java\jre1.8.0_191\lib\jfr.jar;C:\Program Files\Java\jre1.8.0_191\classes"/>
    <property name="sun.stderr.encoding" value="cp437"/>
    <property name="java.vendor" value="Oracle Corporation"/>
    <property name="maven.home" value="C:\apache-maven-3.6.0\bin\.."/>
    <property name="file.separator" value="\"/>
    <property name="java.vendor.url.bug" value="http://bugreport.sun.com/bugreport/"/>
    <property name="sun.cpu.endian" value="little"/>
    <property name="sun.io.unicode.encoding" value="UnicodeLittle"/>
    <property name="sun.stdout.encoding" value="cp437"/>
    <property name="sun.desktop" value="windows"/>
    <property name="sun.cpu.isalist" value="amd64"/>
  </properties>
  <testcase classname="Scenario: Login to the &apos;Mercury Tours&apos; application" name="Given User is on login page" time="0.01"/>
  <testcase classname="Scenario: Login to the &apos;Mercury Tours&apos; application" name="When I enter &quot;Test@123&quot; and &quot;Test@123&quot;" time="0"/>
  <testcase classname="Scenario: Login to the &apos;Mercury Tours&apos; application" name="And click on login button" time="0"/>
  <testcase classname="Scenario: Login to the &apos;Mercury Tours&apos; application" name="Then &apos;Home&apos; page should be displayed" time="0.037"/>
  <testcase classname="Scenario: Login to the &apos;Mercury Tours&apos; application" name="Scenario: Login to the &apos;Mercury Tours&apos; application" time="0.037"/>
  <testcase classname="Scenario: Register to the &apos;Mercury Tours&apos; application" name="Given User is on Home page" time="0.001"/>
  <testcase classname="Scenario: Register to the &apos;Mercury Tours&apos; application" name="When click on the register link" time="0"/>
  <testcase classname="Scenario: Register to the &apos;Mercury Tours&apos; application" name="Then &apos;Register&apos; page should be displayed" time="0.001"/>
  <testcase classname="Scenario: Register to the &apos;Mercury Tours&apos; application" name="Scenario: Register to the &apos;Mercury Tours&apos; application" time="0.004"/>
</testsuite>